


ARM Macro Assembler    Page 1 


    1 00000000         ; LCD.s
    2 00000000         ; Student names: change this to your names or look very 
                       silly
    3 00000000         ; Last modification date: change this to the last modifi
                       cation date or look very silly
    4 00000000         
    5 00000000         ; Runs on LM4F120/TM4C123
    6 00000000         ; Use SSI0 to send an 8-bit code to the ST7735 160x128 p
                       ixel LCD.
    7 00000000         
    8 00000000         ; As part of Lab 7, students need to implement these LCD
                       _WriteCommand and LCD_WriteData
    9 00000000         ; This driver assumes two low-level LCD functions
   10 00000000         
   11 00000000         ; Backlight (pin 10) connected to +3.3 V
   12 00000000         ; MISO (pin 9) unconnected
   13 00000000         ; SCK (pin 8) connected to PA2 (SSI0Clk)
   14 00000000         ; MOSI (pin 7) connected to PA5 (SSI0Tx)
   15 00000000         ; TFT_CS (pin 6) connected to PA3 (SSI0Fss)
   16 00000000         ; CARD_CS (pin 5) unconnected
   17 00000000         ; Data/Command (pin 4) connected to PA6 (GPIO)
   18 00000000         ; RESET (pin 3) connected to PA7 (GPIO)
   19 00000000         ; VCC (pin 2) connected to +3.3 V
   20 00000000         ; Gnd (pin 1) connected to ground
   21 00000000         
   22 00000000 40004100 
                       DC      EQU              0x40004100
   23 00000000 00000000 
                       DC_COMMAND
                               EQU              0
   24 00000000 00000040 
                       DC_DATA EQU              0x40
   25 00000000 40008008 
                       SSI0_DR_R
                               EQU              0x40008008
   26 00000000 4000800C 
                       SSI0_SR_R
                               EQU              0x4000800C
   27 00000000 00000004 
                       SSI_SR_RNE
                               EQU              0x00000004  ; SSI Receive FIFO 
                                                            Not Empty
   28 00000000 00000010 
                       SSI_SR_BSY
                               EQU              0x00000010  ; SSI Busy Bit
   29 00000000 00000002 
                       SSI_SR_TNF
                               EQU              0x00000002  ; SSI Transmit FIFO
                                                             Not Full
   30 00000000         
   31 00000000                 EXPORT           writecommand
   32 00000000                 EXPORT           writedata
   33 00000000         
   34 00000000                 AREA             |.text|, CODE, READONLY, ALIGN=
2
   35 00000000                 THUMB
   36 00000000                 ALIGN
   37 00000000         
   38 00000000         ; The Data/Command pin must be valid when the eighth bit



ARM Macro Assembler    Page 2 


                        is
   39 00000000         ; sent.  The SSI module has hardware input and output FI
                       FOs
   40 00000000         ; that are 8 locations deep.  Based on the observation t
                       hat
   41 00000000         ; the LCD interface tends to send a few commands and the
                       n a
   42 00000000         ; lot of data, the FIFOs are not used when writing
   43 00000000         ; commands, and they are used when writing data.  This
   44 00000000         ; ensures that the Data/Command pin status matches the b
                       yte
   45 00000000         ; that is actually being transmitted.
   46 00000000         ; The write command operation waits until all data has b
                       een
   47 00000000         ; sent, configures the Data/Command pin for commands, se
                       nds
   48 00000000         ; the command, and then waits for the transmission to
   49 00000000         ; finish.
   50 00000000         ; The write data operation waits until there is room in 
                       the
   51 00000000         ; transmit FIFO, configures the Data/Command pin for dat
                       a,
   52 00000000         ; and then adds the data to the transmit FIFO.
   53 00000000         ; NOTE: These functions will crash or stall indefinitely
                        if
   54 00000000         ; the SSI0 module is not initialized and enabled.
   55 00000000         
   56 00000000         ; This is a helper function that sends an 8-bit command 
                       to the LCD.
   57 00000000         ; Input: R0  8-bit command to transmit
   58 00000000         ; Output: none
   59 00000000         ; Assumes: SSI0 and port A have already been initialized
                        and enabled
   60 00000000         writecommand
   61 00000000         ;1) Read SSI0_SR_R and check bit 4, 
   62 00000000         ;2) If bit 4 is high, loop back to step 1 (wait for BUSY
                        bit to be low)
   63 00000000         ;3) Clear D/C=PA6 to zero
   64 00000000         ;4) Write the command to SSI0_DR_R
   65 00000000         ;5) Read SSI0_SR_R and check bit 4, 
   66 00000000         ;6) If bit 4 is high, loop back to step 5 (wait for BUSY
                        bit to be low)
   67 00000000         
   68 00000000 E92D 4FF0       PUSH             {R4-R11, LR}
   69 00000004         
   70 00000004 4918    Step1_wc
                               LDR              R1, =SSI0_SR_R
   71 00000006 680A            LDR              R2, [R1]
   72 00000008 4613            MOV              R3, R2      ;copying R2 into R3
                                                            
   73 0000000A F003 0310       AND              R3, #0x10   ;masking bit 4
   74 0000000E EA4F 1313       LSR              R3, #4      ;shift by 4
   75 00000012 2B01            CMP              R3, #1
   76 00000014 D0F6            BEQ              Step1_wc    ;if bit 4 is high, 
                                                            loop back to step 1
                                                            
   77 00000016         
   78 00000016 4915            LDR              R1, =DC     ;reading PortA data
                                                            



ARM Macro Assembler    Page 3 


   79 00000018 680A            LDR              R2, [R1]
   80 0000001A F002 02BF       AND              R2, #0xBF   ;clear PA6
   81 0000001E 600A            STR              R2, [R1]
   82 00000020         
   83 00000020 4913            LDR              R1, =SSI0_DR_R
   84 00000022 6008            STR              R0, [R1]    ;writing command to
                                                             SSI0_DR_R
   85 00000024         
   86 00000024 4910    Step5   LDR              R1, =SSI0_SR_R
   87 00000026 680A            LDR              R2, [R1]
   88 00000028 4613            MOV              R3, R2
   89 0000002A F003 0310       AND              R3, #0x10
   90 0000002E EA4F 1313       LSR              R3, #4
   91 00000032 2B01            CMP              R3, #1
   92 00000034 D0F6            BEQ              Step5
   93 00000036         
   94 00000036         
   95 00000036 E8BD 4FF0       POP              {R4-R11, LR}
   96 0000003A         
   97 0000003A         
   98 0000003A 4770            BX               LR          ;   return
   99 0000003C         
  100 0000003C         ; This is a helper function that sends an 8-bit data to 
                       the LCD.
  101 0000003C         ; Input: R0  8-bit data to transmit
  102 0000003C         ; Output: none
  103 0000003C         ; Assumes: SSI0 and port A have already been initialized
                        and enabled
  104 0000003C         writedata
  105 0000003C         ;1) Read SSI0_SR_R and check bit 1, 
  106 0000003C         ;2) If bit 1 is low loop back to step 1 (wait for TNF bi
                       t to be high)
  107 0000003C         ;3) Set D/C=PA6 to one
  108 0000003C         ;4) Write the 8-bit data to SSI0_DR_R
  109 0000003C         
  110 0000003C E92D 4FF0       PUSH             {R4-R11, LR}
  111 00000040         
  112 00000040 4909    Step1_wd
                               LDR              R1, =SSI0_SR_R
  113 00000042 680A            LDR              R2, [R1]
  114 00000044 4613            MOV              R3, R2
  115 00000046 F003 0302       AND              R3, #0x02   ;masking bit 1
  116 0000004A EA4F 0353       LSR              R3, #1
  117 0000004E 2B00            CMP              R3, #0
  118 00000050 D0F6            BEQ              Step1_wd    ;if bit 1 is low, l
                                                            oop back to step 1
  119 00000052         
  120 00000052 4906            LDR              R1, =DC     ;reading PortA data
                                                            
  121 00000054 680A            LDR              R2, [R1]
  122 00000056 F042 0240       ORR              R2, #0x40   ;setting D/C to 1
  123 0000005A 600A            STR              R2, [R1]
  124 0000005C         
  125 0000005C 4904            LDR              R1, =SSI0_DR_R
  126 0000005E 6008            STR              R0, [R1]    ;writing data to SS
                                                            I0_DR_R
  127 00000060         
  128 00000060 E8BD 4FF0       POP              {R4-R11, LR}
  129 00000064         



ARM Macro Assembler    Page 4 


  130 00000064 4770            BX               LR          ;   return
  131 00000066         
  132 00000066         
  133 00000066         
  134 00000066         
  135 00000066         
  136 00000066         ;***************************************************
  137 00000066         ; This is a library for the Adafruit 1.8" SPI display.
  138 00000066         ; This library works with the Adafruit 1.8" TFT Breakout
                        w/SD card
  139 00000066         ; ----> http://www.adafruit.com/products/358
  140 00000066         ; as well as Adafruit raw 1.8" TFT display
  141 00000066         ; ----> http://www.adafruit.com/products/618
  142 00000066         ;
  143 00000066         ; Check out the links above for our tutorials and wiring
                        diagrams
  144 00000066         ; These displays use SPI to communicate, 4 or 5 pins are
                        required to
  145 00000066         ; interface (RST is optional)
  146 00000066         ; Adafruit invests time and resources providing this ope
                       n source code,
  147 00000066         ; please support Adafruit and open-source hardware by pu
                       rchasing
  148 00000066         ; products from Adafruit!
  149 00000066         ;
  150 00000066         ; Written by Limor Fried/Ladyada for Adafruit Industries
                       .
  151 00000066         ; MIT license, all text above must be included in any re
                       distribution
  152 00000066         ;****************************************************
  153 00000066         
  154 00000066 00 00           ALIGN                        ; make sure the end
                                                             of this section is
                                                             aligned
  155 00000068                 END                          ; end of file
              4000800C 
              40004100 
              40008008 
Command Line: --debug --xref --diag_suppress=9931 --cpu=Cortex-M4 --apcs=interw
ork --depend=.\lcd.d -o.\lcd.o -I.\RTE\_SpaceInvaders -IC:\Keil_v5\ARM\PACK\ARM
\CMSIS\5.4.0\CMSIS\Core\Include -IC:\Keil_v5\ARM\PACK\Keil\TM4C_DFP\1.1.0\Devic
e\Include\TM4C123 --predefine="__EVAL SETA 1" --predefine="__UVISION_VERSION SE
TA 526" --predefine="_RTE_ SETA 1" --predefine="TM4C123GH6PM SETA 1" --list=.\l
cd.lst LCD.s



ARM Macro Assembler    Page 1 Alphabetic symbol ordering
Relocatable symbols

.text 00000000

Symbol: .text
   Definitions
      At line 34 in file LCD.s
   Uses
      None
Comment: .text unused
Step1_wc 00000004

Symbol: Step1_wc
   Definitions
      At line 70 in file LCD.s
   Uses
      At line 76 in file LCD.s
Comment: Step1_wc used once
Step1_wd 00000040

Symbol: Step1_wd
   Definitions
      At line 112 in file LCD.s
   Uses
      At line 118 in file LCD.s
Comment: Step1_wd used once
Step5 00000024

Symbol: Step5
   Definitions
      At line 86 in file LCD.s
   Uses
      At line 92 in file LCD.s
Comment: Step5 used once
writecommand 00000000

Symbol: writecommand
   Definitions
      At line 60 in file LCD.s
   Uses
      At line 31 in file LCD.s
Comment: writecommand used once
writedata 0000003C

Symbol: writedata
   Definitions
      At line 104 in file LCD.s
   Uses
      At line 32 in file LCD.s
Comment: writedata used once
6 symbols



ARM Macro Assembler    Page 1 Alphabetic symbol ordering
Absolute symbols

DC 40004100

Symbol: DC
   Definitions
      At line 22 in file LCD.s
   Uses
      At line 78 in file LCD.s
      At line 120 in file LCD.s

DC_COMMAND 00000000

Symbol: DC_COMMAND
   Definitions
      At line 23 in file LCD.s
   Uses
      None
Comment: DC_COMMAND unused
DC_DATA 00000040

Symbol: DC_DATA
   Definitions
      At line 24 in file LCD.s
   Uses
      None
Comment: DC_DATA unused
SSI0_DR_R 40008008

Symbol: SSI0_DR_R
   Definitions
      At line 25 in file LCD.s
   Uses
      At line 83 in file LCD.s
      At line 125 in file LCD.s

SSI0_SR_R 4000800C

Symbol: SSI0_SR_R
   Definitions
      At line 26 in file LCD.s
   Uses
      At line 70 in file LCD.s
      At line 86 in file LCD.s
      At line 112 in file LCD.s

SSI_SR_BSY 00000010

Symbol: SSI_SR_BSY
   Definitions
      At line 28 in file LCD.s
   Uses
      None
Comment: SSI_SR_BSY unused
SSI_SR_RNE 00000004

Symbol: SSI_SR_RNE
   Definitions
      At line 27 in file LCD.s
   Uses
      None



ARM Macro Assembler    Page 2 Alphabetic symbol ordering
Absolute symbols

Comment: SSI_SR_RNE unused
SSI_SR_TNF 00000002

Symbol: SSI_SR_TNF
   Definitions
      At line 29 in file LCD.s
   Uses
      None
Comment: SSI_SR_TNF unused
8 symbols
350 symbols in table
